[INFO] - [2019/09/19 20:32:03.740]jetty-8.y.z-SNAPSHOT | (Server^doStart:268)
[INFO] - [2019/09/19 20:32:05.532]started o.e.j.w.WebAppContext{/,file:/E:/workspace/docManager/WebRoot/} | (ContextHandler^callContextInitialized:772)
[INFO] - [2019/09/19 20:32:05.534]started o.e.j.w.WebAppContext{/,file:/E:/workspace/docManager/WebRoot/} | (ContextHandler^callContextInitialized:772)
[INFO] - [2019/09/19 20:32:05.605]MLog clients using slf4j logging. | (Slf4jMLog$Slf4jMLogger$InfoLogger^log:203)
[INFO] - [2019/09/19 20:32:06.426]Initializing c3p0-0.9.5.1 [built 16-June-2015 00:06:36 -0700; debug? true; trace: 10] | (Slf4jMLog$Slf4jMLogger$InfoLogger^log:203)
[INFO] - [2019/09/19 20:32:06.532]Initializing c3p0 pool... com.mchange.v2.c3p0.ComboPooledDataSource [ acquireIncrement -> 2, acquireRetryAttempts -> 30, acquireRetryDelay -> 1000, autoCommitOnClose -> false, automaticTestTable -> null, breakAfterAcquireFailure -> false, checkoutTimeout -> 0, connectionCustomizerClassName -> null, connectionTesterClassName -> com.mchange.v2.c3p0.impl.DefaultConnectionTester, contextClassLoaderSource -> caller, dataSourceName -> jz700a5ke93ix1nbwp3k|38364841, debugUnreturnedConnectionStackTraces -> false, description -> null, driverClass -> com.mysql.jdbc.Driver, extensions -> {}, factoryClassLocation -> null, forceIgnoreUnresolvedTransactions -> false, forceSynchronousCheckins -> false, forceUseNamedDriverClass -> false, identityToken -> jz700a5ke93ix1nbwp3k|38364841, idleConnectionTestPeriod -> 0, initialPoolSize -> 10, jdbcUrl -> jdbc:mysql://39.107.32.6:3306/dev_im_user?useUnicode=true&characterEncoding=UTF-8&zeroDateTimeBehavior=convertToNull&autoReconnect=true, maxAdministrativeTaskTime -> 0, maxConnectionAge -> 0, maxIdleTime -> 20, maxIdleTimeExcessConnections -> 0, maxPoolSize -> 100, maxStatements -> 0, maxStatementsPerConnection -> 0, minPoolSize -> 10, numHelperThreads -> 3, preferredTestQuery -> null, privilegeSpawnedThreads -> false, properties -> {user=******, password=******}, propertyCycle -> 0, statementCacheNumDeferredCloseThreads -> 0, testConnectionOnCheckin -> false, testConnectionOnCheckout -> false, unreturnedConnectionTimeout -> 0, userOverrides -> {}, usesTraditionalReflectiveProxies -> false ] | (Slf4jMLog$Slf4jMLogger$InfoLogger^log:203)
[INFO] - [2019/09/19 20:32:07.100]Started SelectChannelConnector@0.0.0.0:8081 | (AbstractConnector^doStart:338)
[INFO] - [2019/09/19 20:56:28.397]jetty-8.y.z-SNAPSHOT | (Server^doStart:268)
[INFO] - [2019/09/19 20:56:29.999]started o.e.j.w.WebAppContext{/,file:/E:/workspace/docManager/WebRoot/} | (ContextHandler^callContextInitialized:772)
[INFO] - [2019/09/19 20:56:30.002]started o.e.j.w.WebAppContext{/,file:/E:/workspace/docManager/WebRoot/} | (ContextHandler^callContextInitialized:772)
[INFO] - [2019/09/19 20:56:30.079]MLog clients using slf4j logging. | (Slf4jMLog$Slf4jMLogger$InfoLogger^log:203)
[INFO] - [2019/09/19 20:56:30.929]Initializing c3p0-0.9.5.1 [built 16-June-2015 00:06:36 -0700; debug? true; trace: 10] | (Slf4jMLog$Slf4jMLogger$InfoLogger^log:203)
[INFO] - [2019/09/19 20:56:31.064]Initializing c3p0 pool... com.mchange.v2.c3p0.ComboPooledDataSource [ acquireIncrement -> 2, acquireRetryAttempts -> 30, acquireRetryDelay -> 1000, autoCommitOnClose -> false, automaticTestTable -> null, breakAfterAcquireFailure -> false, checkoutTimeout -> 0, connectionCustomizerClassName -> null, connectionTesterClassName -> com.mchange.v2.c3p0.impl.DefaultConnectionTester, contextClassLoaderSource -> caller, dataSourceName -> jz700a5kf4hit177afwy|3c0a50da, debugUnreturnedConnectionStackTraces -> false, description -> null, driverClass -> com.mysql.jdbc.Driver, extensions -> {}, factoryClassLocation -> null, forceIgnoreUnresolvedTransactions -> false, forceSynchronousCheckins -> false, forceUseNamedDriverClass -> false, identityToken -> jz700a5kf4hit177afwy|3c0a50da, idleConnectionTestPeriod -> 0, initialPoolSize -> 10, jdbcUrl -> jdbc:mysql://39.107.32.6:3306/dev_im_user?useUnicode=true&characterEncoding=UTF-8&zeroDateTimeBehavior=convertToNull&autoReconnect=true, maxAdministrativeTaskTime -> 0, maxConnectionAge -> 0, maxIdleTime -> 20, maxIdleTimeExcessConnections -> 0, maxPoolSize -> 100, maxStatements -> 0, maxStatementsPerConnection -> 0, minPoolSize -> 10, numHelperThreads -> 3, preferredTestQuery -> null, privilegeSpawnedThreads -> false, properties -> {user=******, password=******}, propertyCycle -> 0, statementCacheNumDeferredCloseThreads -> 0, testConnectionOnCheckin -> false, testConnectionOnCheckout -> false, unreturnedConnectionTimeout -> 0, userOverrides -> {}, usesTraditionalReflectiveProxies -> false ] | (Slf4jMLog$Slf4jMLogger$InfoLogger^log:203)
[INFO] - [2019/09/19 20:56:31.868]Started SelectChannelConnector@0.0.0.0:8081 | (AbstractConnector^doStart:338)
[ERROR] - [2019/09/19 20:58:32.870]java.lang.NullPointerException
	at wg.user.mobileimsdk.server.service.NewsService.getInfoById(NewsService.java:119)
	at wg.user.mobileimsdk.server.controller.NewsController.getInfoByid(NewsController.java:85)
	at sun.reflect.NativeMethodAccessorImpl.invoke0(Native Method)
	at sun.reflect.NativeMethodAccessorImpl.invoke(Unknown Source)
	at sun.reflect.DelegatingMethodAccessorImpl.invoke(Unknown Source)
	at java.lang.reflect.Method.invoke(Unknown Source)
	at com.jfinal.aop.Invocation.invoke(Invocation.java:73)
	at wg.user.mobileimsdk.server.interceptor.GlobalActionInterceptor.intercept(GlobalActionInterceptor.java:40)
	at com.jfinal.aop.Invocation.invoke(Invocation.java:67)
	at com.jfinal.core.ActionHandler.handle(ActionHandler.java:74)
	at com.jfinal.core.JFinalFilter.doFilter(JFinalFilter.java:74)
	at org.eclipse.jetty.servlet.ServletHandler$CachedChain.doFilter(ServletHandler.java:1307)
	at org.eclipse.jetty.servlet.ServletHandler.doHandle(ServletHandler.java:453)
	at org.eclipse.jetty.server.handler.ScopedHandler.handle(ScopedHandler.java:137)
	at org.eclipse.jetty.security.SecurityHandler.handle(SecurityHandler.java:560)
	at org.eclipse.jetty.server.session.SessionHandler.doHandle(SessionHandler.java:231)
	at org.eclipse.jetty.server.handler.ContextHandler.doHandle(ContextHandler.java:1072)
	at org.eclipse.jetty.servlet.ServletHandler.doScope(ServletHandler.java:382)
	at org.eclipse.jetty.server.session.SessionHandler.doScope(SessionHandler.java:193)
	at org.eclipse.jetty.server.handler.ContextHandler.doScope(ContextHandler.java:1006)
	at org.eclipse.jetty.server.handler.ScopedHandler.handle(ScopedHandler.java:135)
	at org.eclipse.jetty.server.handler.HandlerWrapper.handle(HandlerWrapper.java:116)
	at org.eclipse.jetty.server.Server.handle(Server.java:365)
	at org.eclipse.jetty.server.AbstractHttpConnection.handleRequest(AbstractHttpConnection.java:485)
	at org.eclipse.jetty.server.AbstractHttpConnection.content(AbstractHttpConnection.java:937)
	at org.eclipse.jetty.server.AbstractHttpConnection$RequestHandler.content(AbstractHttpConnection.java:998)
	at org.eclipse.jetty.http.HttpParser.parseNext(HttpParser.java:856)
	at org.eclipse.jetty.http.HttpParser.parseAvailable(HttpParser.java:240)
	at org.eclipse.jetty.server.AsyncHttpConnection.handle(AsyncHttpConnection.java:82)
	at org.eclipse.jetty.io.nio.SelectChannelEndPoint.handle(SelectChannelEndPoint.java:628)
	at org.eclipse.jetty.io.nio.SelectChannelEndPoint$1.run(SelectChannelEndPoint.java:52)
	at org.eclipse.jetty.util.thread.QueuedThreadPool.runJob(QueuedThreadPool.java:608)
	at org.eclipse.jetty.util.thread.QueuedThreadPool$3.run(QueuedThreadPool.java:543)
	at java.lang.Thread.run(Unknown Source)
 | (GlobalActionInterceptor^intercept:49)
[ERROR] - [2019/09/19 20:58:33.409]java.lang.NullPointerException
	at wg.user.mobileimsdk.server.service.NewsService.getInfoById(NewsService.java:119)
	at wg.user.mobileimsdk.server.controller.NewsController.getInfoByid(NewsController.java:85)
	at sun.reflect.NativeMethodAccessorImpl.invoke0(Native Method)
	at sun.reflect.NativeMethodAccessorImpl.invoke(Unknown Source)
	at sun.reflect.DelegatingMethodAccessorImpl.invoke(Unknown Source)
	at java.lang.reflect.Method.invoke(Unknown Source)
	at com.jfinal.aop.Invocation.invoke(Invocation.java:73)
	at wg.user.mobileimsdk.server.interceptor.GlobalActionInterceptor.intercept(GlobalActionInterceptor.java:40)
	at com.jfinal.aop.Invocation.invoke(Invocation.java:67)
	at com.jfinal.core.ActionHandler.handle(ActionHandler.java:74)
	at com.jfinal.core.JFinalFilter.doFilter(JFinalFilter.java:74)
	at org.eclipse.jetty.servlet.ServletHandler$CachedChain.doFilter(ServletHandler.java:1307)
	at org.eclipse.jetty.servlet.ServletHandler.doHandle(ServletHandler.java:453)
	at org.eclipse.jetty.server.handler.ScopedHandler.handle(ScopedHandler.java:137)
	at org.eclipse.jetty.security.SecurityHandler.handle(SecurityHandler.java:560)
	at org.eclipse.jetty.server.session.SessionHandler.doHandle(SessionHandler.java:231)
	at org.eclipse.jetty.server.handler.ContextHandler.doHandle(ContextHandler.java:1072)
	at org.eclipse.jetty.servlet.ServletHandler.doScope(ServletHandler.java:382)
	at org.eclipse.jetty.server.session.SessionHandler.doScope(SessionHandler.java:193)
	at org.eclipse.jetty.server.handler.ContextHandler.doScope(ContextHandler.java:1006)
	at org.eclipse.jetty.server.handler.ScopedHandler.handle(ScopedHandler.java:135)
	at org.eclipse.jetty.server.handler.HandlerWrapper.handle(HandlerWrapper.java:116)
	at org.eclipse.jetty.server.Server.handle(Server.java:365)
	at org.eclipse.jetty.server.AbstractHttpConnection.handleRequest(AbstractHttpConnection.java:485)
	at org.eclipse.jetty.server.AbstractHttpConnection.content(AbstractHttpConnection.java:937)
	at org.eclipse.jetty.server.AbstractHttpConnection$RequestHandler.content(AbstractHttpConnection.java:998)
	at org.eclipse.jetty.http.HttpParser.parseNext(HttpParser.java:856)
	at org.eclipse.jetty.http.HttpParser.parseAvailable(HttpParser.java:240)
	at org.eclipse.jetty.server.AsyncHttpConnection.handle(AsyncHttpConnection.java:82)
	at org.eclipse.jetty.io.nio.SelectChannelEndPoint.handle(SelectChannelEndPoint.java:628)
	at org.eclipse.jetty.io.nio.SelectChannelEndPoint$1.run(SelectChannelEndPoint.java:52)
	at org.eclipse.jetty.util.thread.QueuedThreadPool.runJob(QueuedThreadPool.java:608)
	at org.eclipse.jetty.util.thread.QueuedThreadPool$3.run(QueuedThreadPool.java:543)
	at java.lang.Thread.run(Unknown Source)
 | (GlobalActionInterceptor^intercept:49)
[ERROR] - [2019/09/19 20:58:37.369]java.lang.NullPointerException
	at wg.user.mobileimsdk.server.service.NewsService.getInfoById(NewsService.java:119)
	at wg.user.mobileimsdk.server.controller.NewsController.getInfoByid(NewsController.java:85)
	at sun.reflect.NativeMethodAccessorImpl.invoke0(Native Method)
	at sun.reflect.NativeMethodAccessorImpl.invoke(Unknown Source)
	at sun.reflect.DelegatingMethodAccessorImpl.invoke(Unknown Source)
	at java.lang.reflect.Method.invoke(Unknown Source)
	at com.jfinal.aop.Invocation.invoke(Invocation.java:73)
	at wg.user.mobileimsdk.server.interceptor.GlobalActionInterceptor.intercept(GlobalActionInterceptor.java:40)
	at com.jfinal.aop.Invocation.invoke(Invocation.java:67)
	at com.jfinal.core.ActionHandler.handle(ActionHandler.java:74)
	at com.jfinal.core.JFinalFilter.doFilter(JFinalFilter.java:74)
	at org.eclipse.jetty.servlet.ServletHandler$CachedChain.doFilter(ServletHandler.java:1307)
	at org.eclipse.jetty.servlet.ServletHandler.doHandle(ServletHandler.java:453)
	at org.eclipse.jetty.server.handler.ScopedHandler.handle(ScopedHandler.java:137)
	at org.eclipse.jetty.security.SecurityHandler.handle(SecurityHandler.java:560)
	at org.eclipse.jetty.server.session.SessionHandler.doHandle(SessionHandler.java:231)
	at org.eclipse.jetty.server.handler.ContextHandler.doHandle(ContextHandler.java:1072)
	at org.eclipse.jetty.servlet.ServletHandler.doScope(ServletHandler.java:382)
	at org.eclipse.jetty.server.session.SessionHandler.doScope(SessionHandler.java:193)
	at org.eclipse.jetty.server.handler.ContextHandler.doScope(ContextHandler.java:1006)
	at org.eclipse.jetty.server.handler.ScopedHandler.handle(ScopedHandler.java:135)
	at org.eclipse.jetty.server.handler.HandlerWrapper.handle(HandlerWrapper.java:116)
	at org.eclipse.jetty.server.Server.handle(Server.java:365)
	at org.eclipse.jetty.server.AbstractHttpConnection.handleRequest(AbstractHttpConnection.java:485)
	at org.eclipse.jetty.server.AbstractHttpConnection.content(AbstractHttpConnection.java:937)
	at org.eclipse.jetty.server.AbstractHttpConnection$RequestHandler.content(AbstractHttpConnection.java:998)
	at org.eclipse.jetty.http.HttpParser.parseNext(HttpParser.java:856)
	at org.eclipse.jetty.http.HttpParser.parseAvailable(HttpParser.java:240)
	at org.eclipse.jetty.server.AsyncHttpConnection.handle(AsyncHttpConnection.java:82)
	at org.eclipse.jetty.io.nio.SelectChannelEndPoint.handle(SelectChannelEndPoint.java:628)
	at org.eclipse.jetty.io.nio.SelectChannelEndPoint$1.run(SelectChannelEndPoint.java:52)
	at org.eclipse.jetty.util.thread.QueuedThreadPool.runJob(QueuedThreadPool.java:608)
	at org.eclipse.jetty.util.thread.QueuedThreadPool$3.run(QueuedThreadPool.java:543)
	at java.lang.Thread.run(Unknown Source)
 | (GlobalActionInterceptor^intercept:49)
[INFO] - [2019/09/19 21:23:03.803]jetty-8.y.z-SNAPSHOT | (Server^doStart:268)
[INFO] - [2019/09/19 21:23:05.322]started o.e.j.w.WebAppContext{/,file:/E:/workspace/docManager/WebRoot/} | (ContextHandler^callContextInitialized:772)
[INFO] - [2019/09/19 21:23:05.324]started o.e.j.w.WebAppContext{/,file:/E:/workspace/docManager/WebRoot/} | (ContextHandler^callContextInitialized:772)
[INFO] - [2019/09/19 21:23:05.392]MLog clients using slf4j logging. | (Slf4jMLog$Slf4jMLogger$InfoLogger^log:203)
[INFO] - [2019/09/19 21:23:06.186]Initializing c3p0-0.9.5.1 [built 16-June-2015 00:06:36 -0700; debug? true; trace: 10] | (Slf4jMLog$Slf4jMLogger$InfoLogger^log:203)
[INFO] - [2019/09/19 21:23:06.291]Initializing c3p0 pool... com.mchange.v2.c3p0.ComboPooledDataSource [ acquireIncrement -> 2, acquireRetryAttempts -> 30, acquireRetryDelay -> 1000, autoCommitOnClose -> false, automaticTestTable -> null, breakAfterAcquireFailure -> false, checkoutTimeout -> 0, connectionCustomizerClassName -> null, connectionTesterClassName -> com.mchange.v2.c3p0.impl.DefaultConnectionTester, contextClassLoaderSource -> caller, dataSourceName -> jz700a5kg2ogwo5gs8k|3c0a50da, debugUnreturnedConnectionStackTraces -> false, description -> null, driverClass -> com.mysql.jdbc.Driver, extensions -> {}, factoryClassLocation -> null, forceIgnoreUnresolvedTransactions -> false, forceSynchronousCheckins -> false, forceUseNamedDriverClass -> false, identityToken -> jz700a5kg2ogwo5gs8k|3c0a50da, idleConnectionTestPeriod -> 0, initialPoolSize -> 10, jdbcUrl -> jdbc:mysql://39.107.32.6:3306/dev_im_user?useUnicode=true&characterEncoding=UTF-8&zeroDateTimeBehavior=convertToNull&autoReconnect=true, maxAdministrativeTaskTime -> 0, maxConnectionAge -> 0, maxIdleTime -> 20, maxIdleTimeExcessConnections -> 0, maxPoolSize -> 100, maxStatements -> 0, maxStatementsPerConnection -> 0, minPoolSize -> 10, numHelperThreads -> 3, preferredTestQuery -> null, privilegeSpawnedThreads -> false, properties -> {user=******, password=******}, propertyCycle -> 0, statementCacheNumDeferredCloseThreads -> 0, testConnectionOnCheckin -> false, testConnectionOnCheckout -> false, unreturnedConnectionTimeout -> 0, userOverrides -> {}, usesTraditionalReflectiveProxies -> false ] | (Slf4jMLog$Slf4jMLogger$InfoLogger^log:203)
[INFO] - [2019/09/19 21:23:06.850]Started SelectChannelConnector@0.0.0.0:8081 | (AbstractConnector^doStart:338)
[INFO] - [2019/09/19 23:26:36.330]jetty-8.y.z-SNAPSHOT | (Server^doStart:268)
[INFO] - [2019/09/19 23:26:38.059]started o.e.j.w.WebAppContext{/,file:/E:/workspace/docManager/WebRoot/} | (ContextHandler^callContextInitialized:772)
[INFO] - [2019/09/19 23:26:38.061]started o.e.j.w.WebAppContext{/,file:/E:/workspace/docManager/WebRoot/} | (ContextHandler^callContextInitialized:772)
[INFO] - [2019/09/19 23:26:38.293]MLog clients using slf4j logging. | (Slf4jMLog$Slf4jMLogger$InfoLogger^log:203)
[INFO] - [2019/09/19 23:26:39.168]Initializing c3p0-0.9.5.1 [built 16-June-2015 00:06:36 -0700; debug? true; trace: 10] | (Slf4jMLog$Slf4jMLogger$InfoLogger^log:203)
[INFO] - [2019/09/19 23:26:39.285]Initializing c3p0 pool... com.mchange.v2.c3p0.ComboPooledDataSource [ acquireIncrement -> 2, acquireRetryAttempts -> 30, acquireRetryDelay -> 1000, autoCommitOnClose -> false, automaticTestTable -> null, breakAfterAcquireFailure -> false, checkoutTimeout -> 0, connectionCustomizerClassName -> null, connectionTesterClassName -> com.mchange.v2.c3p0.impl.DefaultConnectionTester, contextClassLoaderSource -> caller, dataSourceName -> jz700a5kkhkbb2u85fv|3c0a50da, debugUnreturnedConnectionStackTraces -> false, description -> null, driverClass -> com.mysql.jdbc.Driver, extensions -> {}, factoryClassLocation -> null, forceIgnoreUnresolvedTransactions -> false, forceSynchronousCheckins -> false, forceUseNamedDriverClass -> false, identityToken -> jz700a5kkhkbb2u85fv|3c0a50da, idleConnectionTestPeriod -> 0, initialPoolSize -> 10, jdbcUrl -> jdbc:mysql://39.107.32.6:3306/dev_im_user?useUnicode=true&characterEncoding=UTF-8&zeroDateTimeBehavior=convertToNull&autoReconnect=true, maxAdministrativeTaskTime -> 0, maxConnectionAge -> 0, maxIdleTime -> 20, maxIdleTimeExcessConnections -> 0, maxPoolSize -> 100, maxStatements -> 0, maxStatementsPerConnection -> 0, minPoolSize -> 10, numHelperThreads -> 3, preferredTestQuery -> null, privilegeSpawnedThreads -> false, properties -> {user=******, password=******}, propertyCycle -> 0, statementCacheNumDeferredCloseThreads -> 0, testConnectionOnCheckin -> false, testConnectionOnCheckout -> false, unreturnedConnectionTimeout -> 0, userOverrides -> {}, usesTraditionalReflectiveProxies -> false ] | (Slf4jMLog$Slf4jMLogger$InfoLogger^log:203)
[INFO] - [2019/09/19 23:26:39.876]Started SelectChannelConnector@0.0.0.0:8081 | (AbstractConnector^doStart:338)
[INFO] - [2019/09/19 23:27:40.624]jetty-8.y.z-SNAPSHOT | (Server^doStart:268)
[INFO] - [2019/09/19 23:27:42.183]started o.e.j.w.WebAppContext{/,file:/E:/workspace/docManager/WebRoot/} | (ContextHandler^callContextInitialized:772)
[INFO] - [2019/09/19 23:27:42.185]started o.e.j.w.WebAppContext{/,file:/E:/workspace/docManager/WebRoot/} | (ContextHandler^callContextInitialized:772)
[INFO] - [2019/09/19 23:27:42.259]MLog clients using slf4j logging. | (Slf4jMLog$Slf4jMLogger$InfoLogger^log:203)
[INFO] - [2019/09/19 23:27:43.067]Initializing c3p0-0.9.5.1 [built 16-June-2015 00:06:36 -0700; debug? true; trace: 10] | (Slf4jMLog$Slf4jMLogger$InfoLogger^log:203)
[INFO] - [2019/09/19 23:27:43.191]Initializing c3p0 pool... com.mchange.v2.c3p0.ComboPooledDataSource [ acquireIncrement -> 2, acquireRetryAttempts -> 30, acquireRetryDelay -> 1000, autoCommitOnClose -> false, automaticTestTable -> null, breakAfterAcquireFailure -> false, checkoutTimeout -> 0, connectionCustomizerClassName -> null, connectionTesterClassName -> com.mchange.v2.c3p0.impl.DefaultConnectionTester, contextClassLoaderSource -> caller, dataSourceName -> jz700a5kkixnh1rkrtlu|2a265ea9, debugUnreturnedConnectionStackTraces -> false, description -> null, driverClass -> com.mysql.jdbc.Driver, extensions -> {}, factoryClassLocation -> null, forceIgnoreUnresolvedTransactions -> false, forceSynchronousCheckins -> false, forceUseNamedDriverClass -> false, identityToken -> jz700a5kkixnh1rkrtlu|2a265ea9, idleConnectionTestPeriod -> 0, initialPoolSize -> 10, jdbcUrl -> jdbc:mysql://39.107.32.6:3306/dev_im_user?useUnicode=true&characterEncoding=UTF-8&zeroDateTimeBehavior=convertToNull&autoReconnect=true, maxAdministrativeTaskTime -> 0, maxConnectionAge -> 0, maxIdleTime -> 20, maxIdleTimeExcessConnections -> 0, maxPoolSize -> 100, maxStatements -> 0, maxStatementsPerConnection -> 0, minPoolSize -> 10, numHelperThreads -> 3, preferredTestQuery -> null, privilegeSpawnedThreads -> false, properties -> {user=******, password=******}, propertyCycle -> 0, statementCacheNumDeferredCloseThreads -> 0, testConnectionOnCheckin -> false, testConnectionOnCheckout -> false, unreturnedConnectionTimeout -> 0, userOverrides -> {}, usesTraditionalReflectiveProxies -> false ] | (Slf4jMLog$Slf4jMLogger$InfoLogger^log:203)
[INFO] - [2019/09/19 23:27:43.899]Started SelectChannelConnector@0.0.0.0:8081 | (AbstractConnector^doStart:338)
[INFO] - [2019/10/28 19:33:05.788]jetty-8.y.z-SNAPSHOT | (Server^doStart:268)
[INFO] - [2019/10/28 19:33:07.374]started o.e.j.w.WebAppContext{/,file:/E:/workspace/docManager/WebRoot/} | (ContextHandler^callContextInitialized:772)
[INFO] - [2019/10/28 19:33:07.376]started o.e.j.w.WebAppContext{/,file:/E:/workspace/docManager/WebRoot/} | (ContextHandler^callContextInitialized:772)
[INFO] - [2019/10/28 19:33:07.450]MLog clients using slf4j logging. | (Slf4jMLog$Slf4jMLogger$InfoLogger^log:203)
[INFO] - [2019/10/28 19:33:08.061]Initializing c3p0-0.9.5.1 [built 16-June-2015 00:06:36 -0700; debug? true; trace: 10] | (Slf4jMLog$Slf4jMLogger$InfoLogger^log:203)
[INFO] - [2019/10/28 19:33:08.168]Initializing c3p0 pool... com.mchange.v2.c3p0.ComboPooledDataSource [ acquireIncrement -> 2, acquireRetryAttempts -> 30, acquireRetryDelay -> 1000, autoCommitOnClose -> false, automaticTestTable -> null, breakAfterAcquireFailure -> false, checkoutTimeout -> 0, connectionCustomizerClassName -> null, connectionTesterClassName -> com.mchange.v2.c3p0.impl.DefaultConnectionTester, contextClassLoaderSource -> caller, dataSourceName -> 1hge1saa6517fhjesfpr3|3c0a50da, debugUnreturnedConnectionStackTraces -> false, description -> null, driverClass -> com.mysql.jdbc.Driver, extensions -> {}, factoryClassLocation -> null, forceIgnoreUnresolvedTransactions -> false, forceSynchronousCheckins -> false, forceUseNamedDriverClass -> false, identityToken -> 1hge1saa6517fhjesfpr3|3c0a50da, idleConnectionTestPeriod -> 0, initialPoolSize -> 10, jdbcUrl -> jdbc:mysql://39.107.32.6:3306/dev_im_user?useUnicode=true&characterEncoding=UTF-8&zeroDateTimeBehavior=convertToNull&autoReconnect=true, maxAdministrativeTaskTime -> 0, maxConnectionAge -> 0, maxIdleTime -> 20, maxIdleTimeExcessConnections -> 0, maxPoolSize -> 100, maxStatements -> 0, maxStatementsPerConnection -> 0, minPoolSize -> 10, numHelperThreads -> 3, preferredTestQuery -> null, privilegeSpawnedThreads -> false, properties -> {user=******, password=******}, propertyCycle -> 0, statementCacheNumDeferredCloseThreads -> 0, testConnectionOnCheckin -> false, testConnectionOnCheckout -> false, unreturnedConnectionTimeout -> 0, userOverrides -> {}, usesTraditionalReflectiveProxies -> false ] | (Slf4jMLog$Slf4jMLogger$InfoLogger^log:203)
[INFO] - [2019/10/28 19:33:08.760]Started SelectChannelConnector@0.0.0.0:8081 | (AbstractConnector^doStart:338)
[INFO] - [2019/10/28 22:09:05.165]{dataSource-1} inited | (DruidDataSource^init:638)
